# JRE version: OpenJDK Runtime Environment (16.0.2+7) (build 16.0.2+7-67)
# Java VM: OpenJDK 64-Bit Server VM (16.0.2+7-67, mixed mode, tiered, compressed oops, compressed class ptrs, g1 gc, windows-amd64)
GC Precious Log:
 CPUs: 8 total, 8 available
 Memory: 15679M
 Large Page Support: Disabled
 NUMA Support: Disabled
 Compressed Oops: Enabled (Zero based)
 Heap Region Size: 2M
 Heap Min Capacity: 8M
 Heap Initial Capacity: 246M
 Heap Max Capacity: 3920M
 Pre-touch: Disabled
 Parallel Workers: 8
 Concurrent Workers: 2
 Concurrent Refinement Workers: 8
 Periodic GC: Disabled
Heap:
 garbage-first heap   total 94208K, used 20659K [0x000000070b000000, 0x0000000800000000)
  region size 2048K, 3 young (6144K), 3 survivors (6144K)
 Metaspace       used 41751K, committed 42112K, reserved 1089536K
  class space    used 5216K, committed 5376K, reserved 1048576K
GC Heap History (20 events):
Event: 1.082 GC heap after
{Heap after GC invocations=2 (full 0):
 garbage-first heap   total 251904K, used 9186K [0x000000070b000000, 0x0000000800000000)
  region size 2048K, 1 young (2048K), 1 survivors (2048K)
 Metaspace       used 16608K, committed 16832K, reserved 1064960K
  class space    used 1690K, committed 1792K, reserved 1048576K
}
Event: 1.704 GC heap before
{Heap before GC invocations=2 (full 0):
 garbage-first heap   total 251904K, used 50146K [0x000000070b000000, 0x0000000800000000)
  region size 2048K, 22 young (45056K), 1 survivors (2048K)
 Metaspace       used 20973K, committed 21248K, reserved 1073152K
  class space    used 2286K, committed 2368K, reserved 1048576K
}
Event: 1.707 GC heap after
{Heap after GC invocations=3 (full 0):
 garbage-first heap   total 251904K, used 10741K [0x000000070b000000, 0x0000000800000000)
  region size 2048K, 2 young (4096K), 2 survivors (4096K)
 Metaspace       used 20973K, committed 21248K, reserved 1073152K
  class space    used 2286K, committed 2368K, reserved 1048576K
}
Event: 2.017 GC heap before
{Heap before GC invocations=4 (full 0):
 garbage-first heap   total 55296K, used 53749K [0x000000070b000000, 0x0000000800000000)
  region size 2048K, 23 young (47104K), 2 survivors (4096K)
 Metaspace       used 24529K, committed 24896K, reserved 1073152K
  class space    used 2825K, committed 3008K, reserved 1048576K
}
Event: 2.021 GC heap after
{Heap after GC invocations=5 (full 0):
 garbage-first heap   total 61440K, used 12084K [0x000000070b000000, 0x0000000800000000)
  region size 2048K, 3 young (6144K), 3 survivors (6144K)
 Metaspace       used 24529K, committed 24896K, reserved 1073152K
  class space    used 2825K, committed 3008K, reserved 1048576K
}
Event: 2.193 GC heap before
{Heap before GC invocations=5 (full 0):
 garbage-first heap   total 61440K, used 40756K [0x000000070b000000, 0x0000000800000000)
  region size 2048K, 17 young (34816K), 3 survivors (6144K)
 Metaspace       used 26860K, committed 27136K, reserved 1073152K
  class space    used 3215K, committed 3392K, reserved 1048576K
}
Event: 2.197 GC heap after
{Heap after GC invocations=6 (full 0):
 garbage-first heap   total 61440K, used 12849K [0x000000070b000000, 0x0000000800000000)
  region size 2048K, 2 young (4096K), 2 survivors (4096K)
 Metaspace       used 26860K, committed 27136K, reserved 1073152K
  class space    used 3215K, committed 3392K, reserved 1048576K
}
Event: 2.323 GC heap before
{Heap before GC invocations=6 (full 0):
 garbage-first heap   total 61440K, used 43569K [0x000000070b000000, 0x0000000800000000)
  region size 2048K, 17 young (34816K), 2 survivors (4096K)
 Metaspace       used 29127K, committed 29440K, reserved 1081344K
  class space    used 3439K, committed 3584K, reserved 1048576K
}
Event: 2.325 GC heap after
{Heap after GC invocations=7 (full 0):
 garbage-first heap   total 61440K, used 13465K [0x000000070b000000, 0x0000000800000000)
  region size 2048K, 2 young (4096K), 2 survivors (4096K)
 Metaspace       used 29127K, committed 29440K, reserved 1081344K
  class space    used 3439K, committed 3584K, reserved 1048576K
}
Event: 2.331 GC heap before
{Heap before GC invocations=7 (full 0):
 garbage-first heap   total 61440K, used 42137K [0x000000070b000000, 0x0000000800000000)
  region size 2048K, 17 young (34816K), 2 survivors (4096K)
 Metaspace       used 29177K, committed 29504K, reserved 1081344K
  class space    used 3446K, committed 3584K, reserved 1048576K
}
Event: 2.333 GC heap after
{Heap after GC invocations=8 (full 0):
 garbage-first heap   total 157696K, used 13391K [0x000000070b000000, 0x0000000800000000)
  region size 2048K, 2 young (4096K), 2 survivors (4096K)
 Metaspace       used 29177K, committed 29504K, reserved 1081344K
  class space    used 3446K, committed 3584K, reserved 1048576K
}
Event: 2.542 GC heap before
{Heap before GC invocations=8 (full 0):
 garbage-first heap   total 157696K, used 101455K [0x000000070b000000, 0x0000000800000000)
  region size 2048K, 46 young (94208K), 2 survivors (4096K)
 Metaspace       used 32447K, committed 32704K, reserved 1081344K
  class space    used 3844K, committed 3968K, reserved 1048576K
}
Event: 2.545 GC heap after
{Heap after GC invocations=9 (full 0):
 garbage-first heap   total 157696K, used 14531K [0x000000070b000000, 0x0000000800000000)
  region size 2048K, 2 young (4096K), 2 survivors (4096K)
 Metaspace       used 32447K, committed 32704K, reserved 1081344K
  class space    used 3844K, committed 3968K, reserved 1048576K
}
Event: 3.398 GC heap before
{Heap before GC invocations=9 (full 0):
 garbage-first heap   total 157696K, used 78019K [0x000000070b000000, 0x0000000800000000)
  region size 2048K, 34 young (69632K), 2 survivors (4096K)
 Metaspace       used 35173K, committed 35520K, reserved 1081344K
  class space    used 4243K, committed 4416K, reserved 1048576K
}
Event: 3.403 GC heap after
{Heap after GC invocations=10 (full 0):
 garbage-first heap   total 157696K, used 16057K [0x000000070b000000, 0x0000000800000000)
  region size 2048K, 3 young (6144K), 3 survivors (6144K)
 Metaspace       used 35173K, committed 35520K, reserved 1081344K
  class space    used 4243K, committed 4416K, reserved 1048576K
}
Event: 3.938 GC heap before
{Heap before GC invocations=11 (full 0):
 garbage-first heap   total 69632K, used 50873K [0x000000070b000000, 0x0000000800000000)
  region size 2048K, 20 young (40960K), 3 survivors (6144K)
 Metaspace       used 36794K, committed 37120K, reserved 1081344K
  class space    used 4533K, committed 4672K, reserved 1048576K
}
Event: 3.943 GC heap after
{Heap after GC invocations=12 (full 0):
 garbage-first heap   total 69632K, used 17461K [0x000000070b000000, 0x0000000800000000)
  region size 2048K, 2 young (4096K), 2 survivors (4096K)
 Metaspace       used 36794K, committed 37120K, reserved 1081344K
  class space    used 4533K, committed 4672K, reserved 1048576K
}
Event: 4.428 GC heap before
{Heap before GC invocations=12 (full 0):
 garbage-first heap   total 69632K, used 52277K [0x000000070b000000, 0x0000000800000000)
  region size 2048K, 19 young (38912K), 2 survivors (4096K)
 Metaspace       used 39502K, committed 39872K, reserved 1089536K
  class space    used 4940K, committed 5120K, reserved 1048576K
}
Event: 4.434 GC heap after
{Heap after GC invocations=13 (full 0):
 garbage-first heap   total 69632K, used 19499K [0x000000070b000000, 0x0000000800000000)
  region size 2048K, 2 young (4096K), 2 survivors (4096K)
 Metaspace       used 39502K, committed 39872K, reserved 1089536K
  class space    used 4940K, committed 5120K, reserved 1048576K
}
Event: 4.720 GC heap before
{Heap before GC invocations=13 (full 0):
 garbage-first heap   total 69632K, used 50219K [0x000000070b000000, 0x0000000800000000)
  region size 2048K, 18 young (36864K), 2 survivors (4096K)
 Metaspace       used 41751K, committed 42112K, reserved 1089536K
  class space    used 5216K, committed 5376K, reserved 1048576K
}

